<?xml version="1.0" encoding="UTF-8"?>
<testsuite xmlns:xsi="http://www.w3.org/2001/XMLSchema-instance" xsi:noNamespaceSchemaLocation="https://maven.apache.org/surefire/maven-surefire-plugin/xsd/surefire-test-report-3.0.xsd" version="3.0" name="org.technical.AddStudentFeeTest" time="0.072" tests="11" errors="0" skipped="0" failures="0">
  <properties>
[...]
</properties>
  <testcase name="testAddStudentFee_statementCoverage_negativeRegisteredStudentId" classname="org.technical.AddStudentFeeTest" time="0.009"/>
  <testcase name="testAddStudentFee_statementCoverage_invalidMonth" classname="org.technical.AddStudentFeeTest" time="0.002"/>
  <testcase name="testAddStudentFee_statementCoverage_invalidAmount" classname="org.technical.AddStudentFeeTest" time="0.002"/>
  <testcase name="testAddStudentFee_decisionTable_R1" classname="org.technical.AddStudentFeeTest" time="0.013">
    <system-out><![CDATA[Connected to DB successfully
]]></system-out>
  </testcase>
  <testcase name="testAddStudentFee_decisionTable_R2" classname="org.technical.AddStudentFeeTest" time="0.002"/>
  <testcase name="testAddStudentFee_decisionTable_R3" classname="org.technical.AddStudentFeeTest" time="0.002"/>
  <testcase name="testAddStudentFee_decisionTable_R4" classname="org.technical.AddStudentFeeTest" time="0.001"/>
  <testcase name="testAddStudentFee_decisionTable_R5" classname="org.technical.AddStudentFeeTest" time="0.001"/>
  <testcase name="testAddStudentFee_decisionTable_R6" classname="org.technical.AddStudentFeeTest" time="0.002"/>
  <testcase name="testAddStudentFee_decisionTable_R7" classname="org.technical.AddStudentFeeTest" time="0.002"/>
  <testcase name="testAddStudentFee_decisionTable_R8" classname="org.technical.AddStudentFeeTest" time="0.003"/>
</testsuite>